2026/02/13 14:30:44 [SUCCESS] Исходный файл: generated_files/0F9yK5.wav
2026/02/13 14:30:44 [SUCCESS] Целевая директория: generated_files/Music
2026/02/13 14:30:44 [SUCCESS] Результат: generated_files/Music/0F9yK5.wav
2026/02/13 14:30:44 [SUCCESS] Исходный файл: generated_files/0X8GG.docx
2026/02/13 14:30:44 [SUCCESS] Целевая директория: generated_files/Documents
2026/02/13 14:30:44 [SUCCESS] Результат: generated_files/Documents/0X8GG.docx
2026/02/13 14:30:44 [SUCCESS] Исходный файл: generated_files/14Rlr99P1F0Xsu.mp3
2026/02/13 14:30:44 [SUCCESS] Целевая директория: generated_files/Music
2026/02/13 14:30:44 [SUCCESS] Результат: generated_files/Music/14Rlr99P1F0Xsu.mp3
2026/02/13 14:30:44 [SUCCESS] Исходный файл: generated_files/1Drcny.doc
2026/02/13 14:30:44 [SUCCESS] Целевая директория: generated_files/Documents
2026/02/13 14:30:44 [SUCCESS] Результат: generated_files/Documents/1Drcny.doc
2026/02/13 14:30:44 [SUCCESS] Исходный файл: generated_files/2g7mL8.doc
2026/02/13 14:30:44 [SUCCESS] Целевая директория: generated_files/Documents
2026/02/13 14:30:44 [SUCCESS] Результат: generated_files/Documents/2g7mL8.doc
2026/02/13 14:30:44 [SUCCESS] Исходный файл: generated_files/3teRe.jpg
2026/02/13 14:30:44 [SUCCESS] Целевая директория: generated_files/Images
2026/02/13 14:30:44 [SUCCESS] Результат: generated_files/Images/3teRe.jpg
2026/02/13 14:30:44 [SUCCESS] Исходный файл: generated_files/49WDBYkq.doc
2026/02/13 14:30:44 [SUCCESS] Целевая директория: generated_files/Documents
2026/02/13 14:30:44 [SUCCESS] Результат: generated_files/Documents/49WDBYkq.doc
2026/02/13 14:30:44 [SUCCESS] Исходный файл: generated_files/4BNgnI.avi
2026/02/13 14:30:44 [SUCCESS] Целевая директория: generated_files/Video
2026/02/13 14:30:44 [SUCCESS] Результат: generated_files/Video/4BNgnI.avi
2026/02/13 14:30:44 [SUCCESS] Исходный файл: generated_files/4Qu8Pvump.jpg
2026/02/13 14:30:44 [SUCCESS] Целевая директория: generated_files/Images
2026/02/13 14:30:44 [SUCCESS] Результат: generated_files/Images/4Qu8Pvump.jpg
2026/02/13 14:30:44 [SUCCESS] Исходный файл: generated_files/4dv6c.avi
2026/02/13 14:30:44 [SUCCESS] Целевая директория: generated_files/Video
2026/02/13 14:30:44 [SUCCESS] Результат: generated_files/Video/4dv6c.avi
2026/02/13 14:30:44 [SUCCESS] Исходный файл: generated_files/4tUcryCZf29.wav
2026/02/13 14:30:44 [SUCCESS] Целевая директория: generated_files/Music
2026/02/13 14:30:44 [SUCCESS] Результат: generated_files/Music/4tUcryCZf29.wav
2026/02/13 14:30:44 [SUCCESS] Исходный файл: generated_files/4xdZaRcfZ8.wav
2026/02/13 14:30:44 [SUCCESS] Целевая директория: generated_files/Music
2026/02/13 14:30:44 [SUCCESS] Результат: generated_files/Music/4xdZaRcfZ8.wav
2026/02/13 14:30:44 [SUCCESS] Исходный файл: generated_files/5GaeQqmDVHIAh.mp3
2026/02/13 14:30:44 [SUCCESS] Целевая директория: generated_files/Music
2026/02/13 14:30:44 [SUCCESS] Результат: generated_files/Music/5GaeQqmDVHIAh.mp3
2026/02/13 14:30:44 [SUCCESS] Исходный файл: generated_files/6GdCZn0T.doc
2026/02/13 14:30:44 [SUCCESS] Целевая директория: generated_files/Documents
2026/02/13 14:30:44 [SUCCESS] Результат: generated_files/Documents/6GdCZn0T.doc
2026/02/13 14:30:44 [SUCCESS] Исходный файл: generated_files/7QeuCMRUXWsJ3P.jpg
2026/02/13 14:30:44 [SUCCESS] Целевая директория: generated_files/Images
2026/02/13 14:30:44 [SUCCESS] Результат: generated_files/Images/7QeuCMRUXWsJ3P.jpg
2026/02/13 14:30:44 [SUCCESS] Исходный файл: generated_files/7jpUrgOlwhYK6Q.wav
2026/02/13 14:30:44 [SUCCESS] Целевая директория: generated_files/Music
2026/02/13 14:30:44 [SUCCESS] Результат: generated_files/Music/7jpUrgOlwhYK6Q.wav
2026/02/13 14:30:44 [SUCCESS] Исходный файл: generated_files/8QHiN6GGC.docx
2026/02/13 14:30:44 [SUCCESS] Целевая директория: generated_files/Documents
2026/02/13 14:30:44 [SUCCESS] Результат: generated_files/Documents/8QHiN6GGC.docx
2026/02/13 14:30:44 [SUCCESS] Исходный файл: generated_files/8qjDZ2tfr.mp4
2026/02/13 14:30:44 [SUCCESS] Целевая директория: generated_files/Video
2026/02/13 14:30:44 [SUCCESS] Результат: generated_files/Video/8qjDZ2tfr.mp4
2026/02/13 14:30:44 [SUCCESS] Исходный файл: generated_files/9WS49J6KRuhm5.doc
2026/02/13 14:30:44 [SUCCESS] Целевая директория: generated_files/Documents
2026/02/13 14:30:44 [SUCCESS] Результат: generated_files/Documents/9WS49J6KRuhm5.doc
2026/02/13 14:30:44 [SUCCESS] Исходный файл: generated_files/AvVRv9ItlvD5.png
2026/02/13 14:30:44 [SUCCESS] Целевая директория: generated_files/Images
2026/02/13 14:30:44 [SUCCESS] Результат: generated_files/Images/AvVRv9ItlvD5.png
2026/02/13 14:30:44 [SUCCESS] Исходный файл: generated_files/BaXfVo1qc8.mp4
2026/02/13 14:30:44 [SUCCESS] Целевая директория: generated_files/Video
2026/02/13 14:30:44 [SUCCESS] Результат: generated_files/Video/BaXfVo1qc8.mp4
2026/02/13 14:30:44 [SUCCESS] Исходный файл: generated_files/CAoZX6itwPFMi.mp4
2026/02/13 14:30:44 [SUCCESS] Целевая директория: generated_files/Video
2026/02/13 14:30:44 [SUCCESS] Результат: generated_files/Video/CAoZX6itwPFMi.mp4
2026/02/13 14:30:44 [SUCCESS] Исходный файл: generated_files/CeNv5A8KgPzpzp.jpeg
2026/02/13 14:30:44 [SUCCESS] Целевая директория: generated_files/Images
2026/02/13 14:30:44 [SUCCESS] Результат: generated_files/Images/CeNv5A8KgPzpzp.jpeg
2026/02/13 14:30:44 [SUCCESS] Исходный файл: generated_files/D5aJrTBB.zip
2026/02/13 14:30:44 [SUCCESS] Целевая директория: generated_files/Archives
2026/02/13 14:30:44 [SUCCESS] Результат: generated_files/Archives/D5aJrTBB.zip
2026/02/13 14:30:44 [SUCCESS] Исходный файл: generated_files/DTVJyc0IFN14R.mp4
2026/02/13 14:30:44 [SUCCESS] Целевая директория: generated_files/Video
2026/02/13 14:30:44 [SUCCESS] Результат: generated_files/Video/DTVJyc0IFN14R.mp4
2026/02/13 14:30:44 [SUCCESS] Исходный файл: generated_files/Egyk8OTYHg4di.docx
2026/02/13 14:30:44 [SUCCESS] Целевая директория: generated_files/Documents
2026/02/13 14:30:44 [SUCCESS] Результат: generated_files/Documents/Egyk8OTYHg4di.docx
2026/02/13 14:30:44 [SUCCESS] Исходный файл: generated_files/EvHvpZasx5I.txt
2026/02/13 14:30:44 [SUCCESS] Целевая директория: generated_files/Documents
2026/02/13 14:30:44 [SUCCESS] Результат: generated_files/Documents/EvHvpZasx5I.txt
2026/02/13 14:30:44 [SUCCESS] Исходный файл: generated_files/EymkWxXMC1.png
2026/02/13 14:30:44 [SUCCESS] Целевая директория: generated_files/Images
2026/02/13 14:30:44 [SUCCESS] Результат: generated_files/Images/EymkWxXMC1.png
2026/02/13 14:30:44 [SUCCESS] Исходный файл: generated_files/FAZMYEy1aBP6.mp3
2026/02/13 14:30:44 [SUCCESS] Целевая директория: generated_files/Music
2026/02/13 14:30:44 [SUCCESS] Результат: generated_files/Music/FAZMYEy1aBP6.mp3
2026/02/13 14:30:44 [SUCCESS] Исходный файл: generated_files/FuytxtguZtx4.avi
2026/02/13 14:30:44 [SUCCESS] Целевая директория: generated_files/Video
2026/02/13 14:30:44 [SUCCESS] Результат: generated_files/Video/FuytxtguZtx4.avi
2026/02/13 14:30:44 [SUCCESS] Исходный файл: generated_files/G2z1wteCM4P.mp3
2026/02/13 14:30:44 [SUCCESS] Целевая директория: generated_files/Music
2026/02/13 14:30:44 [SUCCESS] Результат: generated_files/Music/G2z1wteCM4P.mp3
2026/02/13 14:30:44 [SUCCESS] Исходный файл: generated_files/IOUml.wav
2026/02/13 14:30:44 [SUCCESS] Целевая директория: generated_files/Music
2026/02/13 14:30:44 [SUCCESS] Результат: generated_files/Music/IOUml.wav
2026/02/13 14:30:44 [SUCCESS] Исходный файл: generated_files/IuRcgxkvo68.docx
2026/02/13 14:30:44 [SUCCESS] Целевая директория: generated_files/Documents
2026/02/13 14:30:44 [SUCCESS] Результат: generated_files/Documents/IuRcgxkvo68.docx
2026/02/13 14:30:44 [SUCCESS] Исходный файл: generated_files/KTsgAl3df.jpg
2026/02/13 14:30:44 [SUCCESS] Целевая директория: generated_files/Images
2026/02/13 14:30:44 [SUCCESS] Результат: generated_files/Images/KTsgAl3df.jpg
2026/02/13 14:30:44 [SUCCESS] Исходный файл: generated_files/LU53595h0taPbE.rar
2026/02/13 14:30:44 [SUCCESS] Целевая директория: generated_files/Archives
2026/02/13 14:30:44 [SUCCESS] Результат: generated_files/Archives/LU53595h0taPbE.rar
2026/02/13 14:30:44 [SUCCESS] Исходный файл: generated_files/NFVM3.zip
2026/02/13 14:30:44 [SUCCESS] Целевая директория: generated_files/Archives
2026/02/13 14:30:44 [SUCCESS] Результат: generated_files/Archives/NFVM3.zip
2026/02/13 14:30:44 [SUCCESS] Исходный файл: generated_files/NJNuj.avi
2026/02/13 14:30:44 [SUCCESS] Целевая директория: generated_files/Video
2026/02/13 14:30:44 [SUCCESS] Результат: generated_files/Video/NJNuj.avi
2026/02/13 14:30:44 [SUCCESS] Исходный файл: generated_files/NLY8PV.rar
2026/02/13 14:30:44 [SUCCESS] Целевая директория: generated_files/Archives
2026/02/13 14:30:44 [SUCCESS] Результат: generated_files/Archives/NLY8PV.rar
2026/02/13 14:30:44 [SUCCESS] Исходный файл: generated_files/Q5nGgb4yAGq9A.mp4
2026/02/13 14:30:44 [SUCCESS] Целевая директория: generated_files/Video
2026/02/13 14:30:44 [SUCCESS] Результат: generated_files/Video/Q5nGgb4yAGq9A.mp4
2026/02/13 14:30:44 [SUCCESS] Исходный файл: generated_files/Qz47EE.jpeg
2026/02/13 14:30:44 [SUCCESS] Целевая директория: generated_files/Images
2026/02/13 14:30:44 [SUCCESS] Результат: generated_files/Images/Qz47EE.jpeg
2026/02/13 14:30:44 [SUCCESS] Исходный файл: generated_files/T8Cvr.zip
2026/02/13 14:30:44 [SUCCESS] Целевая директория: generated_files/Archives
2026/02/13 14:30:44 [SUCCESS] Результат: generated_files/Archives/T8Cvr.zip
2026/02/13 14:30:44 [SUCCESS] Исходный файл: generated_files/UQWfhv4Ba.doc
2026/02/13 14:30:44 [SUCCESS] Целевая директория: generated_files/Documents
2026/02/13 14:30:44 [SUCCESS] Результат: generated_files/Documents/UQWfhv4Ba.doc
2026/02/13 14:30:44 [SUCCESS] Исходный файл: generated_files/UqEJNm7SIA5.png
2026/02/13 14:30:44 [SUCCESS] Целевая директория: generated_files/Images
2026/02/13 14:30:44 [SUCCESS] Результат: generated_files/Images/UqEJNm7SIA5.png
2026/02/13 14:30:44 [SUCCESS] Исходный файл: generated_files/W97fRtDg1tNr.zip
2026/02/13 14:30:44 [SUCCESS] Целевая директория: generated_files/Archives
2026/02/13 14:30:44 [SUCCESS] Результат: generated_files/Archives/W97fRtDg1tNr.zip
2026/02/13 14:30:44 [SUCCESS] Исходный файл: generated_files/WjJDo1aWI.wav
2026/02/13 14:30:44 [SUCCESS] Целевая директория: generated_files/Music
2026/02/13 14:30:44 [SUCCESS] Результат: generated_files/Music/WjJDo1aWI.wav
2026/02/13 14:30:44 [SUCCESS] Исходный файл: generated_files/WoEK6aajaf9.rar
2026/02/13 14:30:44 [SUCCESS] Целевая директория: generated_files/Archives
2026/02/13 14:30:44 [SUCCESS] Результат: generated_files/Archives/WoEK6aajaf9.rar
2026/02/13 14:30:44 [SUCCESS] Исходный файл: generated_files/XAFF4Ryp3Ue.avi
2026/02/13 14:30:44 [SUCCESS] Целевая директория: generated_files/Video
2026/02/13 14:30:44 [SUCCESS] Результат: generated_files/Video/XAFF4Ryp3Ue.avi
2026/02/13 14:30:44 [SUCCESS] Исходный файл: generated_files/Xr6KADay.avi
2026/02/13 14:30:44 [SUCCESS] Целевая директория: generated_files/Video
2026/02/13 14:30:44 [SUCCESS] Результат: generated_files/Video/Xr6KADay.avi
2026/02/13 14:30:44 [SUCCESS] Исходный файл: generated_files/ZjFupHMH1lwiua.doc
2026/02/13 14:30:44 [SUCCESS] Целевая директория: generated_files/Documents
2026/02/13 14:30:44 [SUCCESS] Результат: generated_files/Documents/ZjFupHMH1lwiua.doc
2026/02/13 14:30:44 [SUCCESS] Исходный файл: generated_files/Zr2NMT04.zip
2026/02/13 14:30:44 [SUCCESS] Целевая директория: generated_files/Archives
2026/02/13 14:30:44 [SUCCESS] Результат: generated_files/Archives/Zr2NMT04.zip
2026/02/13 14:30:44 [SUCCESS] Исходный файл: generated_files/aGfSlu.docx
2026/02/13 14:30:44 [SUCCESS] Целевая директория: generated_files/Documents
2026/02/13 14:30:44 [SUCCESS] Результат: generated_files/Documents/aGfSlu.docx
2026/02/13 14:30:44 [SUCCESS] Исходный файл: generated_files/aMtQMDfBgmb.jpg
2026/02/13 14:30:44 [SUCCESS] Целевая директория: generated_files/Images
2026/02/13 14:30:44 [SUCCESS] Результат: generated_files/Images/aMtQMDfBgmb.jpg
2026/02/13 14:30:44 [SUCCESS] Исходный файл: generated_files/aeK3QuFE.rar
2026/02/13 14:30:44 [SUCCESS] Целевая директория: generated_files/Archives
2026/02/13 14:30:44 [SUCCESS] Результат: generated_files/Archives/aeK3QuFE.rar
2026/02/13 14:30:44 [SUCCESS] Исходный файл: generated_files/bheVahefGQ.wav
2026/02/13 14:30:44 [SUCCESS] Целевая директория: generated_files/Music
2026/02/13 14:30:44 [SUCCESS] Результат: generated_files/Music/bheVahefGQ.wav
2026/02/13 14:30:44 [SUCCESS] Исходный файл: generated_files/ccseunwUNiOET.doc
2026/02/13 14:30:44 [SUCCESS] Целевая директория: generated_files/Documents
2026/02/13 14:30:44 [SUCCESS] Результат: generated_files/Documents/ccseunwUNiOET.doc
2026/02/13 14:30:44 [SUCCESS] Исходный файл: generated_files/cj4AawOPfK.rar
2026/02/13 14:30:44 [SUCCESS] Целевая директория: generated_files/Archives
2026/02/13 14:30:44 [SUCCESS] Результат: generated_files/Archives/cj4AawOPfK.rar
2026/02/13 14:30:44 [SUCCESS] Исходный файл: generated_files/cqStcNms.jpeg
2026/02/13 14:30:44 [SUCCESS] Целевая директория: generated_files/Images
2026/02/13 14:30:44 [SUCCESS] Результат: generated_files/Images/cqStcNms.jpeg
2026/02/13 14:30:44 [SUCCESS] Исходный файл: generated_files/ctv47.docx
2026/02/13 14:30:44 [SUCCESS] Целевая директория: generated_files/Documents
2026/02/13 14:30:44 [SUCCESS] Результат: generated_files/Documents/ctv47.docx
2026/02/13 14:30:44 [SUCCESS] Исходный файл: generated_files/dFqVEDSzAZ79.wav
2026/02/13 14:30:44 [SUCCESS] Целевая директория: generated_files/Music
2026/02/13 14:30:44 [SUCCESS] Результат: generated_files/Music/dFqVEDSzAZ79.wav
2026/02/13 14:30:44 [SUCCESS] Исходный файл: generated_files/dmqUqf.jpg
2026/02/13 14:30:44 [SUCCESS] Целевая директория: generated_files/Images
2026/02/13 14:30:44 [SUCCESS] Результат: generated_files/Images/dmqUqf.jpg
2026/02/13 14:30:44 [SUCCESS] Исходный файл: generated_files/e9bz3ASr.jpeg
2026/02/13 14:30:44 [SUCCESS] Целевая директория: generated_files/Images
2026/02/13 14:30:44 [SUCCESS] Результат: generated_files/Images/e9bz3ASr.jpeg
2026/02/13 14:30:44 [SUCCESS] Исходный файл: generated_files/eQIOp9jnpMb.jpeg
2026/02/13 14:30:44 [SUCCESS] Целевая директория: generated_files/Images
2026/02/13 14:30:44 [SUCCESS] Результат: generated_files/Images/eQIOp9jnpMb.jpeg
2026/02/13 14:30:44 [SUCCESS] Исходный файл: generated_files/fNYWsw6eqcd1.jpg
2026/02/13 14:30:44 [SUCCESS] Целевая директория: generated_files/Images
2026/02/13 14:30:44 [SUCCESS] Результат: generated_files/Images/fNYWsw6eqcd1.jpg
2026/02/13 14:30:44 [SUCCESS] Исходный файл: generated_files/fgZn7H1gyZpXIf.docx
2026/02/13 14:30:44 [SUCCESS] Целевая директория: generated_files/Documents
2026/02/13 14:30:44 [SUCCESS] Результат: generated_files/Documents/fgZn7H1gyZpXIf.docx
2026/02/13 14:30:44 [SUCCESS] Исходный файл: generated_files/flv5YMZ56BpxY.jpeg
2026/02/13 14:30:44 [SUCCESS] Целевая директория: generated_files/Images
2026/02/13 14:30:44 [SUCCESS] Результат: generated_files/Images/flv5YMZ56BpxY.jpeg
2026/02/13 14:30:44 [SUCCESS] Исходный файл: generated_files/fpe41RybyASZrW.mp3
2026/02/13 14:30:44 [SUCCESS] Целевая директория: generated_files/Music
2026/02/13 14:30:44 [SUCCESS] Результат: generated_files/Music/fpe41RybyASZrW.mp3
2026/02/13 14:30:44 [SUCCESS] Исходный файл: generated_files/gNoXyKMdBLByn.txt
2026/02/13 14:30:44 [SUCCESS] Целевая директория: generated_files/Documents
2026/02/13 14:30:44 [SUCCESS] Результат: generated_files/Documents/gNoXyKMdBLByn.txt
2026/02/13 14:30:44 [SUCCESS] Исходный файл: generated_files/gPLpVFDB.txt
2026/02/13 14:30:44 [SUCCESS] Целевая директория: generated_files/Documents
2026/02/13 14:30:44 [SUCCESS] Результат: generated_files/Documents/gPLpVFDB.txt
2026/02/13 14:30:44 [SUCCESS] Исходный файл: generated_files/hXKP2Mm.txt
2026/02/13 14:30:44 [SUCCESS] Целевая директория: generated_files/Documents
2026/02/13 14:30:44 [SUCCESS] Результат: generated_files/Documents/hXKP2Mm.txt
2026/02/13 14:30:44 [SUCCESS] Исходный файл: generated_files/hk84k.docx
2026/02/13 14:30:44 [SUCCESS] Целевая директория: generated_files/Documents
2026/02/13 14:30:44 [SUCCESS] Результат: generated_files/Documents/hk84k.docx
2026/02/13 14:30:44 [SUCCESS] Исходный файл: generated_files/hnpc2ZW9TW0.jpg
2026/02/13 14:30:44 [SUCCESS] Целевая директория: generated_files/Images
2026/02/13 14:30:44 [SUCCESS] Результат: generated_files/Images/hnpc2ZW9TW0.jpg
2026/02/13 14:30:44 [SUCCESS] Исходный файл: generated_files/hwy8ziWrnNIHM.doc
2026/02/13 14:30:44 [SUCCESS] Целевая директория: generated_files/Documents
2026/02/13 14:30:44 [SUCCESS] Результат: generated_files/Documents/hwy8ziWrnNIHM.doc
2026/02/13 14:30:44 [SUCCESS] Исходный файл: generated_files/iUDeFNLzDM.docx
2026/02/13 14:30:44 [SUCCESS] Целевая директория: generated_files/Documents
2026/02/13 14:30:44 [SUCCESS] Результат: generated_files/Documents/iUDeFNLzDM.docx
2026/02/13 14:30:44 [SUCCESS] Исходный файл: generated_files/iZsiXC.mp3
2026/02/13 14:30:44 [SUCCESS] Целевая директория: generated_files/Music
2026/02/13 14:30:44 [SUCCESS] Результат: generated_files/Music/iZsiXC.mp3
2026/02/13 14:30:44 [SUCCESS] Исходный файл: generated_files/imuJG2FByw0.rar
2026/02/13 14:30:44 [SUCCESS] Целевая директория: generated_files/Archives
2026/02/13 14:30:44 [SUCCESS] Результат: generated_files/Archives/imuJG2FByw0.rar
2026/02/13 14:30:44 [SUCCESS] Исходный файл: generated_files/jfGSCE9M.mp3
2026/02/13 14:30:44 [SUCCESS] Целевая директория: generated_files/Music
2026/02/13 14:30:44 [SUCCESS] Результат: generated_files/Music/jfGSCE9M.mp3
2026/02/13 14:30:44 [SUCCESS] Исходный файл: generated_files/kNNzkJwmvWS.avi
2026/02/13 14:30:44 [SUCCESS] Целевая директория: generated_files/Video
2026/02/13 14:30:44 [SUCCESS] Результат: generated_files/Video/kNNzkJwmvWS.avi
2026/02/13 14:30:44 [SUCCESS] Исходный файл: generated_files/koOFsQs.png
2026/02/13 14:30:44 [SUCCESS] Целевая директория: generated_files/Images
2026/02/13 14:30:44 [SUCCESS] Результат: generated_files/Images/koOFsQs.png
2026/02/13 14:30:44 [SUCCESS] Исходный файл: generated_files/l2ydEm.mp4
2026/02/13 14:30:44 [SUCCESS] Целевая директория: generated_files/Video
2026/02/13 14:30:44 [SUCCESS] Результат: generated_files/Video/l2ydEm.mp4
2026/02/13 14:30:44 [SUCCESS] Исходный файл: generated_files/l7eZsD0Tjh8Ums.jpeg
2026/02/13 14:30:44 [SUCCESS] Целевая директория: generated_files/Images
2026/02/13 14:30:44 [SUCCESS] Результат: generated_files/Images/l7eZsD0Tjh8Ums.jpeg
2026/02/13 14:30:44 [SUCCESS] Исходный файл: generated_files/lFPtCu7z4y6UAO.png
2026/02/13 14:30:44 [SUCCESS] Целевая директория: generated_files/Images
2026/02/13 14:30:44 [SUCCESS] Результат: generated_files/Images/lFPtCu7z4y6UAO.png
2026/02/13 14:30:44 [SUCCESS] Исходный файл: generated_files/mv37t4.doc
2026/02/13 14:30:44 [SUCCESS] Целевая директория: generated_files/Documents
2026/02/13 14:30:44 [SUCCESS] Результат: generated_files/Documents/mv37t4.doc
2026/02/13 14:30:44 [SUCCESS] Исходный файл: generated_files/nU8EAn.doc
2026/02/13 14:30:44 [SUCCESS] Целевая директория: generated_files/Documents
2026/02/13 14:30:44 [SUCCESS] Результат: generated_files/Documents/nU8EAn.doc
2026/02/13 14:30:44 [SUCCESS] Исходный файл: generated_files/nio5RR2Lt.doc
2026/02/13 14:30:44 [SUCCESS] Целевая директория: generated_files/Documents
2026/02/13 14:30:44 [SUCCESS] Результат: generated_files/Documents/nio5RR2Lt.doc
2026/02/13 14:30:44 [SUCCESS] Исходный файл: generated_files/nyEDmFRLAKS.zip
2026/02/13 14:30:44 [SUCCESS] Целевая директория: generated_files/Archives
2026/02/13 14:30:44 [SUCCESS] Результат: generated_files/Archives/nyEDmFRLAKS.zip
2026/02/13 14:30:44 [SUCCESS] Исходный файл: generated_files/oagI6q.pdf
2026/02/13 14:30:44 [SUCCESS] Целевая директория: generated_files/Documents
2026/02/13 14:30:44 [SUCCESS] Результат: generated_files/Documents/oagI6q.pdf
2026/02/13 14:30:44 [SUCCESS] Исходный файл: generated_files/pcasYKpmS8KzB.docx
2026/02/13 14:30:44 [SUCCESS] Целевая директория: generated_files/Documents
2026/02/13 14:30:44 [SUCCESS] Результат: generated_files/Documents/pcasYKpmS8KzB.docx
2026/02/13 14:30:44 [SUCCESS] Исходный файл: generated_files/pgOBUW.txt
2026/02/13 14:30:44 [SUCCESS] Целевая директория: generated_files/Documents
2026/02/13 14:30:44 [SUCCESS] Результат: generated_files/Documents/pgOBUW.txt
2026/02/13 14:30:44 [SUCCESS] Исходный файл: generated_files/piabx1pBKluY.docx
2026/02/13 14:30:44 [SUCCESS] Целевая директория: generated_files/Documents
2026/02/13 14:30:44 [SUCCESS] Результат: generated_files/Documents/piabx1pBKluY.docx
2026/02/13 14:30:44 [SUCCESS] Исходный файл: generated_files/qGeFHKgCclNKh.docx
2026/02/13 14:30:44 [SUCCESS] Целевая директория: generated_files/Documents
2026/02/13 14:30:44 [SUCCESS] Результат: generated_files/Documents/qGeFHKgCclNKh.docx
2026/02/13 14:30:44 [SUCCESS] Исходный файл: generated_files/qi3OJY1.wav
2026/02/13 14:30:44 [SUCCESS] Целевая директория: generated_files/Music
2026/02/13 14:30:44 [SUCCESS] Результат: generated_files/Music/qi3OJY1.wav
2026/02/13 14:30:44 [SUCCESS] Исходный файл: generated_files/sD8xMTRjTiu2t.zip
2026/02/13 14:30:44 [SUCCESS] Целевая директория: generated_files/Archives
2026/02/13 14:30:44 [SUCCESS] Результат: generated_files/Archives/sD8xMTRjTiu2t.zip
2026/02/13 14:30:44 [SUCCESS] Исходный файл: generated_files/sEDYuB.pdf
2026/02/13 14:30:44 [SUCCESS] Целевая директория: generated_files/Documents
2026/02/13 14:30:44 [SUCCESS] Результат: generated_files/Documents/sEDYuB.pdf
2026/02/13 14:30:44 [SUCCESS] Исходный файл: generated_files/sGtx6i4uxO0xDw.jpg
2026/02/13 14:30:44 [SUCCESS] Целевая директория: generated_files/Images
2026/02/13 14:30:44 [SUCCESS] Результат: generated_files/Images/sGtx6i4uxO0xDw.jpg
2026/02/13 14:30:44 [SUCCESS] Исходный файл: generated_files/tCgMr.avi
2026/02/13 14:30:44 [SUCCESS] Целевая директория: generated_files/Video
2026/02/13 14:30:44 [SUCCESS] Результат: generated_files/Video/tCgMr.avi
2026/02/13 14:30:44 [SUCCESS] Исходный файл: generated_files/usnRvWQ.wav
2026/02/13 14:30:44 [SUCCESS] Целевая директория: generated_files/Music
2026/02/13 14:30:44 [SUCCESS] Результат: generated_files/Music/usnRvWQ.wav
2026/02/13 14:30:44 [SUCCESS] Исходный файл: generated_files/xOTM7s.zip
2026/02/13 14:30:44 [SUCCESS] Целевая директория: generated_files/Archives
2026/02/13 14:30:44 [SUCCESS] Результат: generated_files/Archives/xOTM7s.zip
2026/02/13 14:30:44 [SUCCESS] Исходный файл: generated_files/yJXlS1Xnc5Yv17.txt
2026/02/13 14:30:44 [SUCCESS] Целевая директория: generated_files/Documents
2026/02/13 14:30:44 [SUCCESS] Результат: generated_files/Documents/yJXlS1Xnc5Yv17.txt
2026/02/13 14:30:44 [SUCCESS] Исходный файл: generated_files/yhk5nUdRQm1C.jpeg
2026/02/13 14:30:44 [SUCCESS] Целевая директория: generated_files/Images
2026/02/13 14:30:44 [SUCCESS] Результат: generated_files/Images/yhk5nUdRQm1C.jpeg
2026/02/13 14:30:44 [SUCCESS] Исходный файл: generated_files/yhlLshFPy3r.pdf
2026/02/13 14:30:44 [SUCCESS] Целевая директория: generated_files/Documents
2026/02/13 14:30:44 [SUCCESS] Результат: generated_files/Documents/yhlLshFPy3r.pdf
